<?xml version="1.0" encoding="UTF-8"?>
<testsuite xmlns:xsi="http://www.w3.org/2001/XMLSchema-instance" xsi:noNamespaceSchemaLocation="https://maven.apache.org/surefire/maven-surefire-plugin/xsd/surefire-test-report-3.0.xsd" version="3.0" name="com.spring.TextTranslatorApplicationTests" time="10.025" tests="1" errors="0" skipped="0" failures="0">
  <properties>
[...]
</properties>
  <testcase name="contextLoads" classname="com.spring.TextTranslatorApplicationTests" time="6.13">
    <system-out><![CDATA[Standard Commons Logging discovery in action with spring-jcl: please remove commons-logging.jar from classpath in order to avoid potential conflicts
23:46:13.450 [main] INFO org.springframework.test.context.support.AnnotationConfigContextLoaderUtils -- Could not detect default configuration classes for test class [com.spring.TextTranslatorApplicationTests]: TextTranslatorApplicationTests does not declare any static, non-private, non-final, nested classes annotated with @Configuration.
23:46:13.668 [main] INFO org.springframework.boot.test.context.SpringBootTestContextBootstrapper -- Found @SpringBootConfiguration com.spring.TextTranslatorApplication for test class com.spring.TextTranslatorApplicationTests
23:46:14.036 [main] INFO org.springframework.boot.devtools.restart.RestartApplicationListener -- Restart disabled due to context in which it is running

  .   ____          _            __ _ _
 /\\ / ___'_ __ _ _(_)_ __  __ _ \ \ \ \
( ( )\___ | '_ | '_| | '_ \/ _` | \ \ \ \
 \\/  ___)| |_)| | | | | || (_| |  ) ) ) )
  '  |____| .__|_| |_|_| |_\__, | / / / /
 =========|_|==============|___/=/_/_/_/
 :: Spring Boot ::                (v3.2.0)

2023-12-03T23:46:14.575+05:30  INFO 9096 --- [           main] c.spring.TextTranslatorApplicationTests  : Starting TextTranslatorApplicationTests using Java 17.0.8.1 with PID 9096 (started by JARVIS in E:\spring tool suite workspece\text-translator\text-translator)
2023-12-03T23:46:14.590+05:30  INFO 9096 --- [           main] c.spring.TextTranslatorApplicationTests  : No active profile set, falling back to 1 default profile: "default"
2023-12-03T23:46:16.955+05:30  INFO 9096 --- [           main] c.spring.TextTranslatorApplicationTests  : Started TextTranslatorApplicationTests in 2.948 seconds (process running for 4.988)
]]></system-out>
  </testcase>
</testsuite>